<?xml version="1.0" encoding="UTF-8"?>
<testng-results ignored="0" total="1" passed="1" failed="0" skipped="0">
  <reporter-output>
  </reporter-output>
  <suite started-at="2023-05-30T16:30:43 IST" name="Default suite" finished-at="2023-05-30T16:30:43 IST" duration-ms="84">
    <groups>
    </groups>
    <test started-at="2023-05-30T16:30:43 IST" name="Default test" finished-at="2023-05-30T16:30:43 IST" duration-ms="84">
      <class name="sample1.Myp2Test">
        <test-method signature="m2()[pri:0, instance:sample1.Myp2Test@16610890]" started-at="2023-05-30T16:30:43 IST" name="m2" finished-at="2023-05-30T16:30:43 IST" duration-ms="12" status="PASS">
          <reporter-output>
          </reporter-output>
        </test-method> <!-- m2 -->
      </class> <!-- sample1.Myp2Test -->
    </test> <!-- Default test -->
  </suite> <!-- Default suite -->
</testng-results>
